*INFO       2019-11-25 11:42:28,456        Start Services... 
*INFO       2019-11-25 11:42:28,907        *************************************************************** 
*INFO       2019-11-25 11:42:28,907        Terminal           : MAYBANK 
*INFO       2019-11-25 11:42:28,923        ECR Type           : 2 
*INFO       2019-11-25 11:42:28,923        IP Address         : 127.0.0.1:3000 
*INFO       2019-11-25 11:42:28,923        Merchant           : TERMINAL INTEGRATION 
*INFO       2019-11-25 11:42:28,923        *************************************************************** 
*INFO       2019-11-25 11:42:28,923        Terminal Connected. 
*INFO       2019-11-25 11:46:19,202        Start Services... 
*INFO       2019-11-25 11:46:19,310        *************************************************************** 
*INFO       2019-11-25 11:46:19,310        Terminal           : MAYBANK 
*INFO       2019-11-25 11:46:19,311        ECR Type           : 2 
*INFO       2019-11-25 11:46:19,311        IP Address         : 127.0.0.1:3000 
*INFO       2019-11-25 11:46:19,311        Merchant           : TERMINAL INTEGRATION 
*INFO       2019-11-25 11:46:19,311        *************************************************************** 
*INFO       2019-11-25 11:46:19,317        Terminal Connected. 
*INFO       2019-11-25 11:49:17,000        Start Services... 
*INFO       2019-11-25 11:49:17,190        *************************************************************** 
*INFO       2019-11-25 11:49:17,195        Terminal           : MAYBANK 
*INFO       2019-11-25 11:49:17,195        ECR Type           : 2 
*INFO       2019-11-25 11:49:17,195        IP Address         : 127.0.0.1:3000 
*INFO       2019-11-25 11:49:17,195        Merchant           : TERMINAL INTEGRATION 
*INFO       2019-11-25 11:49:17,195        *************************************************************** 
*INFO       2019-11-25 11:49:17,202        Terminal Connected. 
*INFO       2019-11-25 12:01:04,481        Start Services... 
*INFO       2019-11-25 12:01:04,609        *************************************************************** 
*INFO       2019-11-25 12:01:04,610        Terminal           : MAYBANK 
*INFO       2019-11-25 12:01:04,610        ECR Type           : 2 
*INFO       2019-11-25 12:01:04,610        IP Address         : 127.0.0.1:3000 
*INFO       2019-11-25 12:01:04,611        Merchant           : TERMINAL INTEGRATION 
*INFO       2019-11-25 12:01:04,611        *************************************************************** 
*INFO       2019-11-25 12:01:04,621        Terminal Connected. 
*INFO       2019-11-25 12:04:38,159        Start Services... 
*INFO       2019-11-25 12:04:38,281        *************************************************************** 
*INFO       2019-11-25 12:04:38,283        Terminal           : MAYBANK 
*INFO       2019-11-25 12:04:38,283        ECR Type           : 2 
*INFO       2019-11-25 12:04:38,283        IP Address         : 127.0.0.1:3000 
*INFO       2019-11-25 12:04:38,283        Merchant           : TERMINAL INTEGRATION 
*INFO       2019-11-25 12:04:38,283        *************************************************************** 
*INFO       2019-11-25 12:04:38,291        Terminal Connected. 
*INFO       2019-11-25 12:09:07,241        Start Services... 
*INFO       2019-11-25 12:09:07,407        *************************************************************** 
*INFO       2019-11-25 12:09:07,408        Terminal           : MAYBANK 
*INFO       2019-11-25 12:09:07,408        ECR Type           : 2 
*INFO       2019-11-25 12:09:07,408        IP Address         : 127.0.0.1:3000 
*INFO       2019-11-25 12:09:07,408        Merchant           : TERMINAL INTEGRATION 
*INFO       2019-11-25 12:09:07,408        *************************************************************** 
*INFO       2019-11-25 12:09:07,416        Terminal Connected. 
*INFO       2019-11-25 12:11:39,896        Start Services... 
*INFO       2019-11-25 12:11:40,035        *************************************************************** 
*INFO       2019-11-25 12:11:40,035        Terminal           : MAYBANK 
*INFO       2019-11-25 12:11:40,035        ECR Type           : 2 
*INFO       2019-11-25 12:11:40,035        IP Address         : 127.0.0.1:3000 
*INFO       2019-11-25 12:11:40,035        Merchant           : TERMINAL INTEGRATION 
*INFO       2019-11-25 12:11:40,035        *************************************************************** 
*INFO       2019-11-25 12:11:40,041        Terminal Connected. 
*INFO       2019-11-25 12:41:20,805        Start Services... 
*INFO       2019-11-25 12:41:20,943        *************************************************************** 
*INFO       2019-11-25 12:41:20,943        Terminal           : MAYBANK 
*INFO       2019-11-25 12:41:20,943        ECR Type           : 2 
*INFO       2019-11-25 12:41:20,943        IP Address         : 127.0.0.1:3000 
*INFO       2019-11-25 12:41:20,943        Merchant           : TERMINAL INTEGRATION 
*INFO       2019-11-25 12:41:20,943        *************************************************************** 
*INFO       2019-11-25 12:41:20,958        Terminal Connected. 
