*INFO       2019-12-13 10:25:07,417        Start Services... 
*INFO       2019-12-13 10:25:12,666        *************************************************************** 
*INFO       2019-12-13 10:25:12,666        Terminal           : BCA 
*INFO       2019-12-13 10:25:12,667        ECR Type           : 1 
*INFO       2019-12-13 10:25:12,667        IP Address         : 192.168.0.130:3000 
*INFO       2019-12-13 10:25:12,667        Merchant           : TERMINAL INTEGRATION 
*INFO       2019-12-13 10:25:12,668        *************************************************************** 
*INFO       2019-12-13 10:25:12,671        Terminal Connected. 
*INFO       2019-12-13 10:31:29,518        Start Services... 
*INFO       2019-12-13 10:31:34,691        *************************************************************** 
*INFO       2019-12-13 10:31:34,692        Terminal           : BCA 
*INFO       2019-12-13 10:31:34,692        ECR Type           : 1 
*INFO       2019-12-13 10:31:34,692        IP Address         : 192.168.0.130:3000 
*INFO       2019-12-13 10:31:34,692        Merchant           : TERMINAL INTEGRATION 
*INFO       2019-12-13 10:31:34,692        *************************************************************** 
*INFO       2019-12-13 10:31:34,699        Terminal Connected. 
*INFO       2019-12-13 10:32:50,293        Start Services... 
*INFO       2019-12-13 10:33:00,489        *************************************************************** 
*INFO       2019-12-13 10:33:00,489        Terminal           : BCA 
*INFO       2019-12-13 10:33:00,489        ECR Type           : 1 
*INFO       2019-12-13 10:33:00,489        IP Address         : 192.168.0.130:3000 
*INFO       2019-12-13 10:33:00,489        Merchant           : TERMINAL INTEGRATION 
*INFO       2019-12-13 10:33:00,489        *************************************************************** 
*INFO       2019-12-13 10:33:00,496        Terminal Connected. 
*INFO       2019-12-13 14:42:04,438        Start Services... 
