*INFO       2020-01-13 15:27:00,606        Start Services... 
*INFO       2020-01-13 15:27:05,954        *************************************************************** 
*INFO       2020-01-13 15:27:05,954        Terminal           : BCA 
*INFO       2020-01-13 15:27:05,954        ECR Type           : 1 
*INFO       2020-01-13 15:27:05,954        IP Address         : 192.168.1.9:3000 
*INFO       2020-01-13 15:27:05,954        Merchant           : TERMINAL INTEGRATION 
*INFO       2020-01-13 15:27:05,954        *************************************************************** 
*INFO       2020-01-13 15:27:05,969        Terminal Connected. 
*INFO       2020-01-13 15:27:10,479        Command       : transaction 
*INFO       2020-01-13 15:27:10,479        Merchant Key  : 5b4c3873355d2 
*INFO       2020-01-13 15:27:10,479        Terminal      : K1 
*INFO       2020-01-13 15:27:10,479        Session       : Euui2lj 
*INFO       2020-01-13 15:27:10,479        OrderNo       : 181205082219K15b 
*INFO       2020-01-13 15:27:10,479        Amount        : 0.10 
*INFO       2020-01-13 15:27:10,479        Payment Type  : BCA 
*INFO       2020-01-13 15:27:10,479        Date          : 2018-14-05 01:22:19 +0000 
*INFO       2020-01-13 15:27:10,479        Request       :{"merchant":"5b4c3873355d2","session":"Euui2lj","function":"transaction","terminal":"K1","orderNo":"181205082219K15b","amount":"0.10","payment_type":"BCA","txn_date_time":"2018-14-05 01:22:19 +0000"} 
*INFO       2020-01-13 15:27:10,479         
*INFO       2020-01-13 15:27:10,479        *************************************************************** 
*INFO       2020-01-13 15:27:10,848        Request Number of bytes :155 
*INFO       2020-01-13 15:27:10,848        Requested : >>>>> :02 01 50 01 30 31 30 30 30 30 30 30 30 30 30 30 31 30 30 30 30 30 30 30 30 30 30 30 30 30 20 20 20 20 20 20 20 20 20 20 20 20 20 20 20 20 20 20 20 20 20 20 20 30 30 30 30 30 30 30 30 20 20 20 20 20 20 20 20 4e 20 20 20 20 20 20 20 20 20 20 20 20 20 20 20 20 20 20 20 20 20 20 20 20 20 20 20 20 20 20 20 20 20 20 20 20 20 20 20 20 20 20 20 20 20 20 20 20 20 20 20 20 20 20 20 20 20 20 20 20 20 20 20 20 20 20 20 20 20 20 20 20 20 20 20 20 20 20 20 20 20 20 20 03 1d  
*INFO       2020-01-13 15:27:10,848        Sent. Waiting for the response... 
