*INFO       2019-11-14 20:47:08,640        Start Services... 
*INFO       2019-11-14 20:47:08,863        *************************************************************** 
*INFO       2019-11-14 20:47:08,863        Terminal           : MAYBANK 
*INFO       2019-11-14 20:47:08,863        ECR Type           : 1 
*INFO       2019-11-14 20:47:08,864        IP Address         : 127.0.0.1:3000 
*INFO       2019-11-14 20:47:08,864        Merchant           : TERMINAL INTEGRATION 
*INFO       2019-11-14 20:47:08,864        *************************************************************** 
*INFO       2019-11-14 20:47:08,871        Terminal Connected. 
*INFO       2019-11-14 20:47:52,048        Start Services... 
*INFO       2019-11-14 20:47:57,267        *************************************************************** 
*INFO       2019-11-14 20:47:57,267        Terminal           : NETTS 
*INFO       2019-11-14 20:47:57,267        ECR Type           : 2 
*INFO       2019-11-14 20:47:57,267        IP Address         : 127.0.0.1:3000 
*INFO       2019-11-14 20:47:57,268        Merchant           : TERMINAL INTEGRATION 
*INFO       2019-11-14 20:47:57,269        *************************************************************** 
*INFO       2019-11-14 20:47:57,273        Terminal Connected. 
*INFO       2019-11-14 20:49:15,728        Start Services... 
*INFO       2019-11-14 20:49:15,876        *************************************************************** 
*INFO       2019-11-14 20:49:15,876        Terminal           : MAYBANK 
*INFO       2019-11-14 20:49:15,876        ECR Type           : 1 
*INFO       2019-11-14 20:49:15,876        IP Address         : 127.0.0.1:3000 
*INFO       2019-11-14 20:49:15,876        Merchant           : TERMINAL INTEGRATION 
*INFO       2019-11-14 20:49:15,877        *************************************************************** 
*INFO       2019-11-14 20:49:15,903        Terminal Connected. 
*INFO       2019-11-14 20:50:08,197        Start Services... 
*INFO       2019-11-14 20:50:17,914        Start Services... 
*INFO       2019-11-14 20:50:23,113        *************************************************************** 
*INFO       2019-11-14 20:50:23,113        Terminal           : BCA 
*INFO       2019-11-14 20:50:23,113        ECR Type           : 1 
*INFO       2019-11-14 20:50:23,114        IP Address         : 127.0.0.1:3000 
*INFO       2019-11-14 20:50:23,114        Merchant           : TERMINAL INTEGRATION 
*INFO       2019-11-14 20:50:23,114        *************************************************************** 
*INFO       2019-11-14 20:50:23,119        Terminal Connected. 
*INFO       2019-11-14 20:51:18,315        Start Services... 
